\BOOKMARK [0][-]{Doc-Start}{Task}{}% 1
\BOOKMARK [0][-]{chapter*.3}{Introduction}{}% 2
\BOOKMARK [0][-]{chapter.1}{Kite Power in General and the Swiss Kite Power Project}{}% 3
\BOOKMARK [0][-]{chapter.2}{IMUs}{}% 4
\BOOKMARK [1][-]{section.2.1}{Centrifue Test}{chapter.2}% 5
\BOOKMARK [2][-]{subsection.2.1.1}{Set-up}{section.2.1}% 6
\BOOKMARK [2][-]{subsection.2.1.2}{Result}{section.2.1}% 7
\BOOKMARK [2][-]{subsection.2.1.3}{Conclusion}{section.2.1}% 8
\BOOKMARK [0][-]{chapter.3}{State Estimation}{}% 9
\BOOKMARK [1][-]{section.3.1}{Basics of the Extended Kalman Filter}{chapter.3}% 10
\BOOKMARK [1][-]{section.3.2}{State Estimation Model}{chapter.3}% 11
\BOOKMARK [1][-]{section.3.3}{Sensor Estimation Model}{chapter.3}% 12
\BOOKMARK [1][-]{section.3.4}{Covariances, Outage}{chapter.3}% 13
\BOOKMARK [0][-]{chapter.4}{Results - Vicon Test}{}% 14
\BOOKMARK [1][-]{section.4.1}{Set up}{chapter.4}% 15
\BOOKMARK [1][-]{section.4.2}{Evaluation}{chapter.4}% 16
\BOOKMARK [2][-]{subsection.4.2.1}{short vs long radius}{section.4.2}% 17
\BOOKMARK [2][-]{subsection.4.2.2}{Outage and Sensor rate}{section.4.2}% 18
\BOOKMARK [2][-]{subsection.4.2.3}{Pixhawk vs Xsens}{section.4.2}% 19
\BOOKMARK [0][-]{chapter.5}{Conclusion}{}% 20
