This is pdfTeX, Version 3.1415926-1.40.10 (TeX Live 2009/Debian) (format=pdflatex 2012.4.22)  12 JUL 2012 14:55
entering extended mode
 %&-line parsing enabled.
**main.tex
(./main.tex
LaTeX2e <2009/09/24>
Babel <v3.8l> and hyphenation patterns for english, usenglishmax, dumylang, noh
yphenation, farsi, arabic, croatian, bulgarian, ukrainian, russian, czech, slov
ak, danish, dutch, finnish, french, basque, ngerman, german, german-x-2009-06-1
9, ngerman-x-2009-06-19, ibycus, monogreek, greek, ancientgreek, hungarian, san
skrit, italian, latin, latvian, lithuanian, mongolian2a, mongolian, bokmal, nyn
orsk, romanian, irish, coptic, serbian, turkish, welsh, esperanto, uppersorbian
, estonian, indonesian, interlingua, icelandic, kurmanji, slovenian, polish, po
rtuguese, spanish, galician, catalan, swedish, ukenglish, pinyin, loaded.
(/usr/share/texmf-texlive/tex/latex/base/report.cls
Document Class: report 2007/10/19 v1.4h Standard LaTeX document class
(/usr/share/texmf-texlive/tex/latex/base/fleqn.clo
File: fleqn.clo 1998/08/17 v1.1c Standard LaTeX option (flush left equations)
\mathindent=\dimen102
)
(/usr/share/texmf-texlive/tex/latex/base/size11.clo
File: size11.clo 2007/10/19 v1.4h Standard LaTeX file (size option)
)
\c@part=\count79
\c@chapter=\count80
\c@section=\count81
\c@subsection=\count82
\c@subsubsection=\count83
\c@paragraph=\count84
\c@subparagraph=\count85
\c@figure=\count86
\c@table=\count87
\abovecaptionskip=\skip41
\belowcaptionskip=\skip42
\bibindent=\dimen103
)
(/usr/share/texmf-texlive/tex/latex/hyperref/hyperref.sty
Package: hyperref 2009/10/09 v6.79a Hypertext links for LaTeX

(/usr/share/texmf-texlive/tex/latex/graphics/keyval.sty
Package: keyval 1999/03/16 v1.13 key=value parser (DPC)
\KV@toks@=\toks14
)
(/usr/share/texmf-texlive/tex/generic/oberdiek/ifpdf.sty
Package: ifpdf 2009/04/10 v2.0 Provides the ifpdf switch (HO)


! Package ifpdf Error: Name clash, \ifpdf is already defined.

See the ifpdf package documentation for explanation.
Type  H <return>  for immediate help.
 ...                                              
                                                  
l.148     }
           %
? 
) (/usr/share/texmf-texlive/tex/generic/oberdiek/ifvtex.sty
Package: ifvtex 2008/11/04 v1.4 Switches for detecting VTeX and its modes (HO)
Package ifvtex Info: VTeX not detected.
)
(/usr/share/texmf-texlive/tex/generic/ifxetex/ifxetex.sty
Package: ifxetex 2009/01/23 v0.5 Provides ifxetex conditional
)
(/usr/share/texmf-texlive/tex/latex/oberdiek/hycolor.sty
Package: hycolor 2009/10/02 v1.5 Code for color options of hyperref/bookmark (H
O)

(/usr/share/texmf-texlive/tex/latex/oberdiek/xcolor-patch.sty
Package: xcolor-patch 2009/10/02 xcolor patch
))
\@linkdim=\dimen104
\Hy@linkcounter=\count88
\Hy@pagecounter=\count89

(/usr/share/texmf-texlive/tex/latex/hyperref/pd1enc.def
File: pd1enc.def 2009/10/09 v6.79a Hyperref: PDFDocEncoding definition (HO)
)
(/usr/share/texmf-texlive/tex/generic/oberdiek/etexcmds.sty
Package: etexcmds 2007/12/12 v1.2 Prefix for e-TeX command names (HO)

(/usr/share/texmf-texlive/tex/generic/oberdiek/infwarerr.sty
Package: infwarerr 2007/09/09 v1.2 Providing info/warning/message (HO)
)
Package etexcmds Info: Could not find \expanded.
(etexcmds)             That can mean that you are not using pdfTeX 1.50 or
(etexcmds)             that some package has redefined \expanded.
(etexcmds)             In the latter case, load this package earlier.
)
(/etc/texmf/tex/latex/config/hyperref.cfg
File: hyperref.cfg 2002/06/06 v1.2 hyperref configuration of TeXLive
)
(/usr/share/texmf-texlive/tex/latex/oberdiek/kvoptions.sty
Package: kvoptions 2009/08/13 v3.4 Keyval support for LaTeX options (HO)

(/usr/share/texmf-texlive/tex/generic/oberdiek/kvsetkeys.sty
Package: kvsetkeys 2009/07/30 v1.5 Key value parser with default handler suppor
t (HO)
))
Package hyperref Info: Option `colorlinks' set `true' on input line 2864.
Package hyperref Info: Option `hyperindex' set `true' on input line 2864.
Package hyperref Info: Hyper figures OFF on input line 2975.
Package hyperref Info: Link nesting OFF on input line 2980.
Package hyperref Info: Hyper index ON on input line 2983.
Package hyperref Info: Plain pages OFF on input line 2990.
Package hyperref Info: Backreferencing OFF on input line 2995.

Implicit mode ON; LaTeX internals redefined
Package hyperref Info: Bookmarks ON on input line 3191.
(/usr/share/texmf-texlive/tex/latex/ltxmisc/url.sty
\Urlmuskip=\muskip10
Package: url 2006/04/12  ver 3.3  Verb mode for urls, etc.
)
LaTeX Info: Redefining \url on input line 3428.

(/usr/share/texmf-texlive/tex/generic/oberdiek/bitset.sty
Package: bitset 2007/09/28 v1.0 Data type bit set (HO)

(/usr/share/texmf-texlive/tex/generic/oberdiek/intcalc.sty
Package: intcalc 2007/09/27 v1.1 Expandable integer calculations (HO)
)
(/usr/share/texmf-texlive/tex/generic/oberdiek/bigintcalc.sty
Package: bigintcalc 2007/11/11 v1.1 Expandable big integer calculations (HO)

(/usr/share/texmf-texlive/tex/generic/oberdiek/pdftexcmds.sty
Package: pdftexcmds 2009/09/23 v0.6 LuaTeX support for pdfTeX utility functions
 (HO)

(/usr/share/texmf-texlive/tex/generic/oberdiek/ifluatex.sty
Package: ifluatex 2009/04/17 v1.2 Provides the ifluatex switch (HO)
Package ifluatex Info: LuaTeX not detected.
)
(/usr/share/texmf-texlive/tex/generic/oberdiek/ltxcmds.sty
Package: ltxcmds 2009/08/05 v1.0 Some LaTeX kernel commands for general use (HO
)
)
Package pdftexcmds Info: LuaTeX not detected.
Package pdftexcmds Info: \pdf@primitive is available.
Package pdftexcmds Info: \pdf@ifprimitive is available.
)))
\Fld@menulength=\count90
\Field@Width=\dimen105
\Fld@charsize=\dimen106
\Field@toks=\toks15
Package hyperref Info: Hyper figures OFF on input line 4377.
Package hyperref Info: Link nesting OFF on input line 4382.
Package hyperref Info: Hyper index ON on input line 4385.
Package hyperref Info: backreferencing OFF on input line 4392.
Package hyperref Info: Link coloring ON on input line 4395.
Package hyperref Info: Link coloring with OCG OFF on input line 4402.
Package hyperref Info: PDF/A mode OFF on input line 4407.

(/usr/share/texmf-texlive/tex/generic/oberdiek/atbegshi.sty
Package: atbegshi 2008/07/31 v1.9 At begin shipout hook (HO)
)
\Hy@abspage=\count91
\c@Item=\count92
\c@Hfootnote=\count93
)
*hyperref using driver hpdftex*
(/usr/share/texmf-texlive/tex/latex/hyperref/hpdftex.def
File: hpdftex.def 2009/10/09 v6.79a Hyperref driver for pdfTeX
\Fld@listcount=\count94
)
(/usr/share/texmf-texlive/tex/latex/graphics/graphicx.sty
Package: graphicx 1999/02/16 v1.0f Enhanced LaTeX Graphics (DPC,SPQR)

(/usr/share/texmf-texlive/tex/latex/graphics/graphics.sty
Package: graphics 2009/02/05 v1.0o Standard LaTeX Graphics (DPC,SPQR)

(/usr/share/texmf-texlive/tex/latex/graphics/trig.sty
Package: trig 1999/03/16 v1.09 sin cos tan (DPC)
)
(/etc/texmf/tex/latex/config/graphics.cfg
File: graphics.cfg 2009/08/28 v1.8 graphics configuration of TeX Live
)
Package graphics Info: Driver file: pdftex.def on input line 91.

(/usr/share/texmf-texlive/tex/latex/pdftex-def/pdftex.def
File: pdftex.def 2010/03/12 v0.04p Graphics/color for pdfTeX
\Gread@gobject=\count95
))
\Gin@req@height=\dimen107
\Gin@req@width=\dimen108
)
(/usr/share/texmf-texlive/tex/latex/base/fontenc.sty
Package: fontenc 2005/09/27 v1.99g Standard LaTeX package

(/usr/share/texmf-texlive/tex/latex/base/t1enc.def
File: t1enc.def 2005/09/27 v1.99g Standard LaTeX file
LaTeX Font Info:    Redeclaring font encoding T1 on input line 43.
)) (./ae.sty
Package: ae 1998/11/17 1.0 Almost European Computer Modern

(/usr/share/texmf-texlive/tex/latex/base/fontenc.sty
Package: fontenc 2005/09/27 v1.99g Standard LaTeX package

(/usr/share/texmf-texlive/tex/latex/base/t1enc.def
File: t1enc.def 2005/09/27 v1.99g Standard LaTeX file
LaTeX Font Info:    Redeclaring font encoding T1 on input line 43.
)
LaTeX Font Info:    Try loading font information for T1+aer on input line 100.

(/usr/share/texmf-texlive/tex/latex/ae/t1aer.fd
File: t1aer.fd 1997/11/16 Font definitions for T1/aer.
)))
(/var/lib/texmf/tex/generic/babel/babel.sty
Package: babel 2008/07/06 v3.8l The Babel package

(/usr/share/texmf-texlive/tex/generic/babel/english.ldf
Language: english 2005/03/30 v3.3o English support from the babel system

(/usr/share/texmf-texlive/tex/generic/babel/babel.def
File: babel.def 2008/07/06 v3.8l Babel common definitions
\babel@savecnt=\count96
\U@D=\dimen109
)
\l@canadian = a dialect from \language\l@american 
\l@australian = a dialect from \language\l@british 
\l@newzealand = a dialect from \language\l@british 
))
(/usr/share/texmf-texlive/tex/latex/fancyhdr/fancyhdr.sty
\fancy@headwidth=\skip43
\f@ncyO@elh=\skip44
\f@ncyO@erh=\skip45
\f@ncyO@olh=\skip46
\f@ncyO@orh=\skip47
\f@ncyO@elf=\skip48
\f@ncyO@erf=\skip49
\f@ncyO@olf=\skip50
\f@ncyO@orf=\skip51
) (./ETHkopfTwo.sty
LaTeX Font Info:    Try loading font information for T1+aess on input line 39.

(/usr/share/texmf-texlive/tex/latex/ae/t1aess.fd
File: t1aess.fd 1997/11/16 Font definitions for T1/aess.
)) (./AufgTwo.sty)
(/usr/share/texmf-texlive/tex/latex/tools/verbatim.sty
Package: verbatim 2003/08/22 v1.5q LaTeX2e package for verbatim enhancements
\every@verbatim=\toks16
\verbatim@line=\toks17
\verbatim@in@stream=\read1
)
(/usr/share/texmf-texlive/tex/latex/pdfpages/pdfpages.sty
Package: pdfpages 2009/02/07 v0.4g Insert pages of external PDF documents (AM)

(/usr/share/texmf-texlive/tex/latex/base/ifthen.sty
Package: ifthen 2001/05/26 v1.1c Standard LaTeX ifthen package (DPC)
)
(/usr/share/texmf-texlive/tex/latex/tools/calc.sty
Package: calc 2007/08/22 v4.3 Infix arithmetic (KKT,FJ)
\calc@Acount=\count97
\calc@Bcount=\count98
\calc@Adimen=\dimen110
\calc@Bdimen=\dimen111
\calc@Askip=\skip52
\calc@Bskip=\skip53
LaTeX Info: Redefining \setlength on input line 76.
LaTeX Info: Redefining \addtolength on input line 77.
\calc@Ccount=\count99
\calc@Cskip=\skip54
)
(/usr/share/texmf-texlive/tex/latex/eso-pic/eso-pic.sty
Package: eso-pic 2006/07/14 v1.1d eso-pic (RN)

(/usr/share/texmf-texlive/tex/latex/ms/everyshi.sty
Package: everyshi 2001/05/15 v3.00 EveryShipout Package (MS)
))
(/usr/share/texmf-texlive/tex/latex/pdfpages/pppdftex.def
File: pppdftex.def 2009/02/07 v0.4g Pdfpages driver for pdfTeX (AM)
)
\AM@pagebox=\box26
\AM@toc@title=\toks18
\c@AM@survey=\count100
\AM@templatesizebox=\box27
)
(/usr/share/texmf-texlive/tex/latex/amsmath/amsmath.sty
Package: amsmath 2000/07/18 v2.13 AMS math features
\@mathmargin=\skip55

For additional information on amsmath, use the `?' option.
(/usr/share/texmf-texlive/tex/latex/amsmath/amstext.sty
Package: amstext 2000/06/29 v2.01

(/usr/share/texmf-texlive/tex/latex/amsmath/amsgen.sty
File: amsgen.sty 1999/11/30 v2.0
\@emptytoks=\toks19
\ex@=\dimen112
))
(/usr/share/texmf-texlive/tex/latex/amsmath/amsbsy.sty
Package: amsbsy 1999/11/29 v1.2d
\pmbraise@=\dimen113
)
(/usr/share/texmf-texlive/tex/latex/amsmath/amsopn.sty
Package: amsopn 1999/12/14 v2.01 operator names
)
\inf@bad=\count101
LaTeX Info: Redefining \frac on input line 211.
\uproot@=\count102
\leftroot@=\count103
LaTeX Info: Redefining \overline on input line 307.
\classnum@=\count104
\DOTSCASE@=\count105
LaTeX Info: Redefining \ldots on input line 379.
LaTeX Info: Redefining \dots on input line 382.
LaTeX Info: Redefining \cdots on input line 467.
\Mathstrutbox@=\box28
\strutbox@=\box29
\big@size=\dimen114
LaTeX Font Info:    Redeclaring font encoding OML on input line 567.
LaTeX Font Info:    Redeclaring font encoding OMS on input line 568.
\macc@depth=\count106
\c@MaxMatrixCols=\count107
\dotsspace@=\muskip11
\c@parentequation=\count108
\dspbrk@lvl=\count109
\tag@help=\toks20
\row@=\count110
\column@=\count111
\maxfields@=\count112
\andhelp@=\toks21
\eqnshift@=\dimen115
\alignsep@=\dimen116
\tagshift@=\dimen117
\tagwidth@=\dimen118
\totwidth@=\dimen119
\lineht@=\dimen120
\@envbody=\toks22
\multlinegap=\skip56
\multlinetaggap=\skip57
\mathdisplay@stack=\toks23
LaTeX Info: Redefining \[ on input line 2666.
LaTeX Info: Redefining \] on input line 2667.
)
(/usr/share/texmf-texlive/tex/latex/placeins/placeins.sty
Package: placeins 2005/04/18  v 2.2
) (./main.aux
(./Deckblatt.aux) (./Abstract.aux) (./Chapter1.aux) (./Chapter2.aux)
(./Chapter3.aux) (./Chapter4.aux) (./Chapter5.aux) (./addAppendix.aux))
\openout1 = `main.aux'.

LaTeX Font Info:    Checking defaults for OML/cmm/m/it on input line 129.
LaTeX Font Info:    ... okay on input line 129.
LaTeX Font Info:    Checking defaults for T1/cmr/m/n on input line 129.
LaTeX Font Info:    ... okay on input line 129.
LaTeX Font Info:    Checking defaults for OT1/cmr/m/n on input line 129.
LaTeX Font Info:    ... okay on input line 129.
LaTeX Font Info:    Checking defaults for OMS/cmsy/m/n on input line 129.
LaTeX Font Info:    ... okay on input line 129.
LaTeX Font Info:    Checking defaults for OMX/cmex/m/n on input line 129.
LaTeX Font Info:    ... okay on input line 129.
LaTeX Font Info:    Checking defaults for U/cmr/m/n on input line 129.
LaTeX Font Info:    ... okay on input line 129.
LaTeX Font Info:    Checking defaults for PD1/pdf/m/n on input line 129.
LaTeX Font Info:    ... okay on input line 129.

(/usr/share/texmf-texlive/tex/latex/graphics/color.sty
Package: color 2005/11/14 v1.0j Standard LaTeX Color (DPC)

(/etc/texmf/tex/latex/config/color.cfg
File: color.cfg 2007/01/18 v1.5 color configuration of teTeX/TeXLive
)
Package color Info: Driver file: pdftex.def on input line 130.
)
Package hyperref Info: Link coloring ON on input line 129.

(/usr/share/texmf-texlive/tex/latex/hyperref/nameref.sty
Package: nameref 2007/05/29 v2.31 Cross-referencing by name of section

(/usr/share/texmf-texlive/tex/latex/oberdiek/refcount.sty
Package: refcount 2008/08/11 v3.1 Data extraction from references (HO)
)
\c@section@level=\count113
)
LaTeX Info: Redefining \ref on input line 129.
LaTeX Info: Redefining \pageref on input line 129.
 (./main.out)
(./main.out)
\@outlinefile=\write3
\openout3 = `main.out'.

\AtBeginShipoutBox=\box30
 (/usr/share/texmf-texlive/tex/context/base/supp-pdf.mkii
[Loading MPS to PDF converter (version 2006.09.02).]
\scratchcounter=\count114
\scratchdimen=\dimen121
\scratchbox=\box31
\nofMPsegments=\count115
\nofMParguments=\count116
\everyMPshowfont=\toks24
\MPscratchCnt=\count117
\MPscratchDim=\dimen122
\MPnumerator=\count118
\everyMPtoPDFconversion=\toks25
) ABD: EveryShipout initializing macros
\openout2 = `Deckblatt.aux'.

 (./Deckblatt.tex
Underfull \hbox (badness 10000) in paragraph at lines 6--8

 []

<pictures/titelbild.jpg, id=123, 906.38625pt x 302.12875pt>
File: pictures/titelbild.jpg Graphic file (type jpg)

<use pictures/titelbild.jpg>
<pictures/ETHlogo.pdf, id=124, 179.67125pt x 45.16875pt>
File: pictures/ETHlogo.pdf Graphic file (type pdf)

<use pictures/ETHlogo.pdf>
Overfull \hbox (61.0082pt too wide) has occurred while \output is active
[][] 
 []


Underfull \hbox (badness 10000) has occurred while \output is active
[]
 []

[1{/var/lib/texmf/fonts/map/pdftex/updmap/pdftex.map}


 <./pictures/ETHlogo.pdf> <./pictures/titelbild.jpg>]) (./main.toc [1


])
\tf@toc=\write4
\openout4 = `main.toc'.

 [2] (./main.lof
Overfull \hbox (0.17183pt too wide) in paragraph at lines 14--14
 [][] [][][]\T1/aer/m/n/10.95 The pre-dic-tion and the cor-rec-tion step with t
heir cor-re-spond-ing equa- 
 []

[3

])
\tf@lof=\write5
\openout5 = `main.lof'.

 [4]
\openout2 = `Abstract.aux'.

 (./Abstract.tex) [5


]
\openout2 = `Chapter1.aux'.

 (./Chapter1.tex
Chapter 1.

Overfull \hbox (24.54611pt too wide) in paragraph at lines 2--2
[]\T1/aer/bx/n/14.4 Kite Power in Gen-eral and the Swis-sKitePower Project 
 []


Overfull \hbox (2.2465pt too wide) in paragraph at lines 8--9
[]\T1/aer/m/n/10.95 In Switzer-land the re-search ef-forts are co-or-di-nated i
n the Swis-sKitePower Project
 []

pdfTeX warning (ext4): destination with the same identifier (name{page.1}) has 
been already used, duplicate ignored
<to be read again> 
                   \relax 
l.9 
     [1



] [2]) [3]
\openout2 = `Chapter2.aux'.

 (./Chapter2.tex
Chapter 2.

LaTeX Warning: Reference `ds_ximu' on page 4 undefined on input line 15.

[4



] <pictures/centrifuge.JPG, id=325, 481.8pt x 724.6272pt>
File: pictures/centrifuge.JPG Graphic file (type jpg)

<use pictures/centrifuge.JPG> <pictures/box.JPG, id=327, 3019.28pt x 2007.5pt>
File: pictures/box.JPG Graphic file (type jpg)

<use pictures/box.JPG> [5] [6 <./pictures/centrifuge.JPG>] [7 <./pictures/box.J
PG>]
Underfull \hbox (badness 10000) in paragraph at lines 55--55
[]\T1/aer/m/n/10.95 Accelerometer
 []


Underfull \hbox (badness 10000) in paragraph at lines 57--57
[]\T1/aer/m/n/10.95 Gyroscope
 []


Underfull \hbox (badness 2573) in paragraph at lines 57--58
[]\T1/aer/m/n/10.95 Sensitivity range
 []


Underfull \hbox (badness 10000) in paragraph at lines 59--59
[]\T1/aer/m/n/10.95 Magnetometer
 []


Underfull \hbox (badness 2573) in paragraph at lines 59--60
[]\T1/aer/m/n/10.95 Sensitivity range
 []


Overfull \hbox (14.56659pt too wide) in paragraph at lines 51--62
 [][] 
 []

<pictures/ct_pos.png, id=345, 561.09625pt x 420.57124pt>
File: pictures/ct_pos.png Graphic file (type png)

<use pictures/ct_pos.png>
Missing character: There is no â in font cmr10!
Missing character: There is no € in font cmr10!
Missing character: There is no “ in font cmr10!
Missing character: There is no â in font cmr10!
Missing character: There is no € in font cmr10!
Missing character: There is no “ in font cmr10!


LaTeX Warning: `h' float specifier changed to `ht'.

<pictures/ct_vel.png, id=347, 561.09625pt x 420.57124pt>
File: pictures/ct_vel.png Graphic file (type png)

<use pictures/ct_vel.png>
Missing character: There is no â in font cmr10!
Missing character: There is no € in font cmr10!
Missing character: There is no “ in font cmr10!
Missing character: There is no â in font cmr10!
Missing character: There is no € in font cmr10!
Missing character: There is no “ in font cmr10!


LaTeX Warning: `h' float specifier changed to `ht'.

<pictures/ct_acc.png, id=351, 561.09625pt x 420.57124pt>
File: pictures/ct_acc.png Graphic file (type png)

<use pictures/ct_acc.png>
<pictures/ct_gyro.png, id=352, 561.09625pt x 420.57124pt>
File: pictures/ct_gyro.png Graphic file (type png)

<use pictures/ct_gyro.png>
Missing character: There is no Â in font cmr10!
Missing character: There is no ² in font cmr10!


LaTeX Warning: `h' float specifier changed to `ht'.

[8

] <pictures/ct_mag.png, id=363, 561.09625pt x 420.57124pt>
File: pictures/ct_mag.png Graphic file (type png)

<use pictures/ct_mag.png>
<pictures/ct_sine.png, id=365, 586.19pt x 652.4375pt>
File: pictures/ct_sine.png Graphic file (type png)

<use pictures/ct_sine.png> [9] [10 <./pictures/ct_pos.png (PNG copy)>] [11 <./p
ictures/ct_vel.png (PNG copy)>] [12 <./pictures/ct_acc.png (PNG copy)>]
[13 <./pictures/ct_gyro.png (PNG copy)>] [14 <./pictures/ct_mag.png (PNG copy)>
] [15 <./pictures/ct_sine.png (PNG copy)>]) [16

]
\openout2 = `Chapter3.aux'.

 (./Chapter3.tex
Chapter 3.
[17



] <pictures/simple_schematic_algo.png, id=418, 1355.0625pt x 693.59125pt>
File: pictures/simple_schematic_algo.png Graphic file (type png)

<use pictures/simple_schematic_algo.png> [18 <./pictures/simple_schematic_algo.
png (PNG copy)>]
<pictures/equation_kalman.png, id=437, 1375.1375pt x 723.70375pt>
File: pictures/equation_kalman.png Graphic file (type png)

<use pictures/equation_kalman.png>

LaTeX Warning: `h' float specifier changed to `ht'.

[19] <pictures/equation_ekf.png, id=453, 1378.14874pt x 716.6775pt>
File: pictures/equation_ekf.png Graphic file (type png)

<use pictures/equation_ekf.png>

LaTeX Warning: `h' float specifier changed to `ht'.

[20 <./pictures/equation_kalman.png (PNG copy)>]
<pictures/sketch_coordinate_systems.png, id=466, 421.575pt x 451.6875pt>
File: pictures/sketch_coordinate_systems.png Graphic file (type png)

<use pictures/sketch_coordinate_systems.png>

LaTeX Warning: `h' float specifier changed to `ht'.

[21 <./pictures/equation_ekf.png (PNG copy)>]
Underfull \vbox (badness 10000) has occurred while \output is active []

 [22 <./pictures/sketch_coordinate_systems.png>] [23]
<pictures/structure_algo_2.png, id=491, 250.0542pt x 445.72522pt>
File: pictures/structure_algo_2.png Graphic file (type png)

<use pictures/structure_algo_2.png> [24] [25 <./pictures/structure_algo_2.png (
PNG copy)>] [26] [27] [28] [29]

! LaTeX Error: Unknown graphics extension: .eps.

See the LaTeX manual or LaTeX Companion for explanation.
Type  H <return>  for immediate help.
 ...                                              
                                                  
l.303 ...[width=8 cm]{pictures/displacement_1.eps}
                                                  
? 
) [30]
\openout2 = `Chapter4.aux'.

 (./Chapter4.tex
Chapter 4.
<vicon_bilder/IMG_0137.JPG, id=568, 2601.72pt x 1943.26pt>
File: vicon_bilder/IMG_0137.JPG Graphic file (type jpg)

<use vicon_bilder/IMG_0137.JPG>
<vicon_bilder/IMG_0130.JPG, id=570, 2601.72pt x 1943.26pt>
File: vicon_bilder/IMG_0130.JPG Graphic file (type jpg)

<use vicon_bilder/IMG_0130.JPG>

LaTeX Warning: `h' float specifier changed to `ht'.


LaTeX Warning: `h' float specifier changed to `ht'.

[31



] [32 <./vicon_bilder/IMG_0137.JPG> <./vicon_bilder/IMG_0130.JPG>]
<pictures/2_2_SNR5_pos_GPS.png, id=590, 565.312pt x 549.252pt>
File: pictures/2_2_SNR5_pos_GPS.png Graphic file (type png)

<use pictures/2_2_SNR5_pos_GPS.png>
<pictures/2_2_SNR5_orientation_GPS.png, id=591, 581.372pt x 553.267pt>
File: pictures/2_2_SNR5_orientation_GPS.png Graphic file (type png)

<use pictures/2_2_SNR5_orientation_GPS.png>
<pictures/2_2_fmm_SNR5_pos_GPS.png, id=592, 645.612pt x 554.07pt>
File: pictures/2_2_fmm_SNR5_pos_GPS.png Graphic file (type png)

<use pictures/2_2_fmm_SNR5_pos_GPS.png>
<pictures/2_2_fmm_SNR5_orientation_GPS.png, id=593, 644.809pt x 554.873pt>
File: pictures/2_2_fmm_SNR5_orientation_GPS.png Graphic file (type png)

<use pictures/2_2_fmm_SNR5_orientation_GPS.png>
<pictures/2_2_fmm_SNR5_errors_GPS.png, id=596, 449.68pt x 337.26pt>
File: pictures/2_2_fmm_SNR5_errors_GPS.png Graphic file (type png)

<use pictures/2_2_fmm_SNR5_errors_GPS.png>
<pictures/2_2_SNR5_errors_GPS.png, id=597, 449.68pt x 337.26pt>
File: pictures/2_2_SNR5_errors_GPS.png Graphic file (type png)

<use pictures/2_2_SNR5_errors_GPS.png>
Underfull \vbox (badness 7759) has occurred while \output is active []

 [33

]
[34] [35 <./pictures/2_2_SNR5_pos_GPS.png (PNG copy)>] [36 <./pictures/2_2_SNR5
_orientation_GPS.png (PNG copy)>] [37 <./pictures/2_2_fmm_SNR5_pos_GPS.png (PNG
 copy)>] [38 <./pictures/2_2_fmm_SNR5_orientation_GPS.png (PNG copy)>] [39 <./p
ictures/2_2_fmm_SNR5_errors_GPS.png (PNG copy)>] [40 <./pictures/2_2_SNR5_error
s_GPS.png (PNG copy)>]
<pictures/2_2_SNR5_detail_GPS.png, id=634, 588.599pt x 553.267pt>
File: pictures/2_2_SNR5_detail_GPS.png Graphic file (type png)

<use pictures/2_2_SNR5_detail_GPS.png>
<pictures/2_2_SNR25_detail_GPS.png, id=635, 581.372pt x 554.873pt>
File: pictures/2_2_SNR25_detail_GPS.png Graphic file (type png)

<use pictures/2_2_SNR25_detail_GPS.png> [41

 <./pictures/2_2_SNR5_detail_GPS.png (PNG copy)>] <pictures/2_2_SNR25_errors_GP
S.png, id=642, 449.68pt x 337.26pt>
File: pictures/2_2_SNR25_errors_GPS.png Graphic file (type png)

<use pictures/2_2_SNR25_errors_GPS.png> [42] [43 <./pictures/2_2_SNR25_detail_G
PS.png (PNG copy)>] [44 <./pictures/2_2_SNR25_errors_GPS.png (PNG copy)>]
<pictures/2_2_detail_noGPS.png, id=658, 515.526pt x 554.873pt>
File: pictures/2_2_detail_noGPS.png Graphic file (type png)

<use pictures/2_2_detail_noGPS.png>
<pictures/2_2_errors_noGPS.png, id=661, 449.68pt x 337.26pt>
File: pictures/2_2_errors_noGPS.png Graphic file (type png)

<use pictures/2_2_errors_noGPS.png> [45

 <./pictures/2_2_detail_noGPS.png (PNG copy)>]
<pictures/2_2_fmm_SNR5_detail_GPSoutage.png, id=667, 642.4pt x 554.07pt>
File: pictures/2_2_fmm_SNR5_detail_GPSoutage.png Graphic file (type png)

<use pictures/2_2_fmm_SNR5_detail_GPSoutage.png> [46 <./pictures/2_2_errors_noG
PS.png (PNG copy)>] [47 <./pictures/2_2_fmm_SNR5_detail_GPSoutage.png (PNG copy
)>] <pictures/2_2_P_errors_noGPS.png, id=677, 449.68pt x 337.26pt>
File: pictures/2_2_P_errors_noGPS.png Graphic file (type png)

<use pictures/2_2_P_errors_noGPS.png>
<pictures/mean_error_2.png, id=678, 845.21486pt x 597.432pt>
File: pictures/mean_error_2.png Graphic file (type png)

<use pictures/mean_error_2.png>) [48

 <./pictures/2_2_P_errors_noGPS.png (PNG copy)>] [49 <./pictures/mean_error_2.p
ng>]
\openout2 = `Chapter5.aux'.

 (./Chapter5.tex
Chapter 5.
) [50



] [51] (./main.bbl
LaTeX Font Info:    Try loading font information for T1+aett on input line 41.
 (/usr/share/texmf-texlive/tex/latex/ae/t1aett.fd
File: t1aett.fd 1997/11/16 Font definitions for T1/aett.
)
[52


]
Underfull \hbox (badness 10000) in paragraph at lines 99--105
[]\T1/aer/m/n/10.95 Cao Yi.  Mat-lab-cen-tral - learn-ing the ex-tended kalman 
fil-
 []


Underfull \hbox (badness 10000) in paragraph at lines 99--105
\T1/aer/m/n/10.95 ter.  [][]$\T1/aett/m/n/10.95 http : / / www . mathworks . co
m / matlabcentral / fileexchange /
 []


Underfull \hbox (badness 1127) in paragraph at lines 107--112
[]\T1/aer/m/n/10.95 Moritz Diehl.  Script for nu-mer-i-cal op-ti-mal con-trol c
ourse.  [][]$\T1/aett/m/n/10.95 http : / /
 []

) [53]
\openout2 = `addAppendix.aux'.

 (./addAppendix.tex
Appendix A.


pdfTeX warning: pdflatex (file ./appendix/acc-BST-BMA180-FL000-03.pdf): PDF inc
lusion: found PDF version <1.6>, but at most version <1.4> allowed


pdfTeX warning: pdflatex (file ./appendix/acc-BST-BMA180-FL000-03.pdf): PDF inc
lusion: found PDF version <1.6>, but at most version <1.4> allowed
[54


]

pdfTeX warning: pdflatex (file ./appendix/acc-BST-BMA180-FL000-03.pdf): PDF inc
lusion: found PDF version <1.6>, but at most version <1.4> allowed

<appendix/acc-BST-BMA180-FL000-03.pdf, id=722, page=1, 597.50829pt x 845.0471pt
>
File: appendix/acc-BST-BMA180-FL000-03.pdf Graphic file (type pdf)
 <use appendix/acc-BST-BMA180-FL000-03.pdf, page 1>
File: appendix/acc-BST-BMA180-FL000-03.pdf Graphic file (type pdf)

<use appendix/acc-BST-BMA180-FL000-03.pdf, page 1>
File: appendix/acc-BST-BMA180-FL000-03.pdf Graphic file (type pdf)

<use appendix/acc-BST-BMA180-FL000-03.pdf, page 1>
File: appendix/acc-BST-BMA180-FL000-03.pdf Graphic file (type pdf)

<use appendix/acc-BST-BMA180-FL000-03.pdf, page 1>
File: appendix/acc-BST-BMA180-FL000-03.pdf Graphic file (type pdf)

<use appendix/acc-BST-BMA180-FL000-03.pdf, page 1> [55 <./appendix/acc-BST-BMA1
80-FL000-03.pdf>] [56]
<appendix/gyro_px4.pdf, id=775, page=9, 597.23125pt x 845.1575pt>
File: appendix/gyro_px4.pdf Graphic file (type pdf)

<use appendix/gyro_px4.pdf, page 9>
File: appendix/gyro_px4.pdf Graphic file (type pdf)
 <use appendix/gyro_px4.pdf, page 9>
File: appendix/gyro_px4.pdf Graphic file (type pdf)

<use appendix/gyro_px4.pdf, page 9>
File: appendix/gyro_px4.pdf Graphic file (type pdf)
 <use appendix/gyro_px4.pdf, page 9>
File: appendix/gyro_px4.pdf Graphic file (type pdf)

<use appendix/gyro_px4.pdf, page 9> [57 <./appendix/gyro_px4.pdf>]

pdfTeX warning: pdflatex (file ./appendix/mag_px4.pdf): PDF inclusion: found PD
F version <1.5>, but at most version <1.4> allowed


pdfTeX warning: pdflatex (file ./appendix/mag_px4.pdf): PDF inclusion: found PD
F version <1.5>, but at most version <1.4> allowed
[58]

pdfTeX warning: pdflatex (file ./appendix/mag_px4.pdf): PDF inclusion: found PD
F version <1.5>, but at most version <1.4> allowed
<appendix/mag_px4.pdf, id=807, page=2, 614.295pt x 794.97pt>
File: appendix/mag_px4.pdf Graphic file (type pdf)

<use appendix/mag_px4.pdf, page 2>
File: appendix/mag_px4.pdf Graphic file (type pdf)
 <use appendix/mag_px4.pdf, page 2>
File: appendix/mag_px4.pdf Graphic file (type pdf)

<use appendix/mag_px4.pdf, page 2>
File: appendix/mag_px4.pdf Graphic file (type pdf)
 <use appendix/mag_px4.pdf, page 2>
File: appendix/mag_px4.pdf Graphic file (type pdf)

<use appendix/mag_px4.pdf, page 2> [59 <./appendix/mag_px4.pdf>]
Appendix B.

! Package pdfpages Error: Cannot find file `appendix/mti-g_leaflet.pdf'.

See the pdfpages package documentation for explanation.
Type  H <return>  for immediate help.
 ...                                              
                                                  
l.9 ...udepdf[pages=-]{appendix/mti-g_leaflet.pdf}
                                                  
? 
! Undefined control sequence.
\AM@checklast ...pii \\ \@tempcntb =\AM@pagecount 
                                                  \relax \ifAM@DVIoutput \if...
l.9 ...udepdf[pages=-]{appendix/mti-g_leaflet.pdf}
                                                  
? 
! Missing number, treated as zero.
<to be read again> 
                   \relax 
l.9 ...udepdf[pages=-]{appendix/mti-g_leaflet.pdf}
                                                  
? 
Runaway argument?
\expandafter \AM@setphantomdoc \AM@doclist ,\END \ifthenelse {\boolean \ETC.
! Paragraph ended before \AM@gobble was complete.
<to be read again> 
                   \par 
l.15 
     
? 
) [60

] (./main.aux (./Deckblatt.aux) (./Abstract.aux) (./Chapter1.aux)
(./Chapter2.aux) (./Chapter3.aux) (./Chapter4.aux) (./Chapter5.aux)
(./addAppendix.aux))

LaTeX Warning: There were undefined references.

 )
(\end occurred inside a group at level 1)

### semi simple group (level 1) entered at line 9 (\begingroup)
### bottom level
(\end occurred when \ifnum on line 170 was incomplete) 
Here is how much of TeX's memory you used:
 6871 strings out of 493848
 97505 string characters out of 1152823
 183234 words of memory out of 3000000
 9651 multiletter control sequences out of 15000+50000
 55499 words of font info for 99 fonts, out of 3000000 for 9000
 714 hyphenation exceptions out of 8191
 38i,16n,48p,1547b,463s stack positions out of 5000i,500n,10000p,200000b,50000s
</usr/share/texmf-texlive
/fonts/type1/public/amsfonts/cm/cmbx10.pfb></usr/share/texmf-texlive/fonts/type
1/public/amsfonts/cm/cmbx12.pfb></usr/share/texmf-texlive/fonts/type1/public/am
sfonts/cm/cmbxti10.pfb></usr/share/texmf-texlive/fonts/type1/public/amsfonts/cm
/cmex10.pfb></usr/share/texmf-texlive/fonts/type1/public/amsfonts/cm/cmmi10.pfb
></usr/share/texmf-texlive/fonts/type1/public/amsfonts/cm/cmmi8.pfb></usr/share
/texmf-texlive/fonts/type1/public/amsfonts/cm/cmr10.pfb></usr/share/texmf-texli
ve/fonts/type1/public/amsfonts/cm/cmr6.pfb></usr/share/texmf-texlive/fonts/type
1/public/amsfonts/cm/cmr8.pfb></usr/share/texmf-texlive/fonts/type1/public/amsf
onts/cm/cmr9.pfb></usr/share/texmf-texlive/fonts/type1/public/amsfonts/cm/cmssb
x10.pfb></usr/share/texmf-texlive/fonts/type1/public/amsfonts/cm/cmsy10.pfb></u
sr/share/texmf-texlive/fonts/type1/public/amsfonts/cm/cmsy8.pfb></usr/share/tex
mf-texlive/fonts/type1/public/amsfonts/cm/cmti10.pfb></usr/share/texmf-texlive/
fonts/type1/public/amsfonts/cm/cmtt10.pfb>
Output written on main.pdf (66 pages, 7761940 bytes).
PDF statistics:
 937 PDF objects out of 1000 (max. 8388607)
 203 named destinations out of 1000 (max. 500000)
 441 words of extra memory for PDF output out of 10000 (max. 10000000)

